[2023-05-05T13:37:50+00:00][error] signup faild due to following reasons <br>pswd is required<br>pincode is required
[2023-05-06T04:13:11+00:00][error] updation faild due to following reasons <br>role is required<br>pincode is required
[2023-05-06T04:17:01+00:00][error] updation faild due to following reasons <br>role is required<br>pincode is required
[2023-05-06T04:18:24+00:00][error] updation faild due to following reasons <br>role is required<br>pincode is required
[2023-05-06T04:18:44+00:00][error] updation faild due to following reasons <br>role is required<br>pincode is required
[2023-05-06T04:19:01+00:00][error] updation faild due to following reasons <br>role is required<br>pincode is required
[2023-05-06T04:20:11+00:00][error] updation faild due to following reasons <br>role is required<br>pincode is required
[2023-05-06T04:21:03+00:00][error] updation faild due to following reasons <br>role is required<br>pincode is required
[2023-05-06T04:23:45+00:00][error] updation faild due to following reasons <br>role is required<br>pincode is required
[2023-05-06T04:24:51+00:00][error] updation faild due to following reasons <br>role is required<br>pincode is required
[2023-05-06T04:24:56+00:00][error] updation faild due to following reasons <br>role is required<br>pincode is required
[2023-05-06T04:25:02+00:00][error] updation faild due to following reasons <br>role is required<br>pincode is required
[2023-05-06T04:28:42+00:00][info] Array
[2023-05-06T04:28:42+00:00][error] updation faild due to following reasons <br>role is required<br>pincode is required
[2023-05-06T04:29:04+00:00][info] 1
[2023-05-06T04:29:04+00:00][error] updation faild due to following reasons <br>role is required<br>pincode is required
[2023-05-06T04:30:54+00:00][error] updation faild due to following reasons <br>role is required<br>pincode is required
[2023-05-06T04:31:12+00:00][error] updation faild due to following reasons <br>role is required<br>pincode is required
[2023-05-06T04:31:42+00:00][error] updation faild due to following reasons <br>role is required<br>pincode is required
[2023-05-06T04:31:42+00:00][error] Ayush, a@gmail.com, , Array'pin], 1
[2023-05-06T04:31:58+00:00][error] updation faild due to following reasons <br>role is required<br>pincode is required
[2023-05-06T04:31:58+00:00][error] Ayush, a@gmail.com, , , 1
[2023-05-06T04:33:33+00:00][error] updation faild due to following reasons <br>role is required<br>pincode is required
[2023-05-06T04:33:33+00:00][error] Ayush, a@gmail.com, , , 1
[2023-05-06T04:34:18+00:00][error] updation faild due to following reasons <br>role is required<br>pincode is required
[2023-05-06T04:34:18+00:00][error] ayush111, a@gmail.com, , , 1
[2023-05-06T04:35:36+00:00][error] updation faild due to following reasons <br>role is required<br>pincode is required
[2023-05-06T04:35:36+00:00][error] Ayush, a@gmail.com, , , 1
[2023-05-06T04:35:38+00:00][error] updation faild due to following reasons <br>role is required<br>pincode is required
[2023-05-06T04:35:38+00:00][error] Ayush, a@gmail.com, , , 1
[2023-05-06T04:35:40+00:00][error] updation faild due to following reasons <br>role is required<br>pincode is required
[2023-05-06T04:35:40+00:00][error] Ayush, a@gmail.com, , , 1
[2023-05-06T04:36:14+00:00][error] updation faild due to following reasons <br>role is required<br>pincode is required
[2023-05-06T04:36:14+00:00][error] Ayush, a@gmail.com, , , 1
[2023-05-06T04:36:16+00:00][error] updation faild due to following reasons <br>role is required<br>pincode is required
[2023-05-06T04:36:16+00:00][error] Ayush, a@gmail.com, , , 1
[2023-05-06T04:36:16+00:00][error] updation faild due to following reasons <br>role is required<br>pincode is required
[2023-05-06T04:36:16+00:00][error] Ayush, a@gmail.com, , , 1
[2023-05-06T04:36:17+00:00][error] updation faild due to following reasons <br>role is required<br>pincode is required
[2023-05-06T04:36:17+00:00][error] Ayush, a@gmail.com, , , 1
[2023-05-06T04:36:18+00:00][error] updation faild due to following reasons <br>role is required<br>pincode is required
[2023-05-06T04:36:18+00:00][error] Ayush, a@gmail.com, , , 1
[2023-05-06T04:36:18+00:00][error] updation faild due to following reasons <br>role is required<br>pincode is required
[2023-05-06T04:36:18+00:00][error] Ayush, a@gmail.com, , , 1
[2023-05-06T04:36:18+00:00][error] updation faild due to following reasons <br>role is required<br>pincode is required
[2023-05-06T04:36:18+00:00][error] Ayush, a@gmail.com, , , 1
[2023-05-06T04:36:18+00:00][error] updation faild due to following reasons <br>role is required<br>pincode is required
[2023-05-06T04:36:18+00:00][error] Ayush, a@gmail.com, , , 1
[2023-05-06T04:36:19+00:00][error] updation faild due to following reasons <br>role is required<br>pincode is required
[2023-05-06T04:36:19+00:00][error] Ayush, a@gmail.com, , , 1
[2023-05-06T04:36:19+00:00][error] updation faild due to following reasons <br>role is required<br>pincode is required
[2023-05-06T04:36:19+00:00][error] Ayush, a@gmail.com, , , 1
[2023-05-06T04:36:20+00:00][error] updation faild due to following reasons <br>role is required<br>pincode is required
[2023-05-06T04:36:20+00:00][error] Ayush, a@gmail.com, , , 1
[2023-05-06T04:36:20+00:00][error] updation faild due to following reasons <br>role is required<br>pincode is required
[2023-05-06T04:36:20+00:00][error] Ayush, a@gmail.com, , , 1
[2023-05-06T04:36:20+00:00][error] updation faild due to following reasons <br>role is required<br>pincode is required
[2023-05-06T04:36:20+00:00][error] Ayush, a@gmail.com, , , 1
[2023-05-06T04:36:56+00:00][error] updation faild due to following reasons <br>role is required<br>pincode is required
[2023-05-06T04:36:56+00:00][error] Ayush, a@gmail.com, , , 1
[2023-05-06T04:37:47+00:00][error] updation faild due to following reasons <br>role is required<br>pincode is required
[2023-05-06T04:37:47+00:00][error] Ayush, a@gmail.com, , , 1
[2023-05-06T04:38:00+00:00][error] updation faild due to following reasons <br>role is required<br>pincode is required
[2023-05-06T04:38:00+00:00][error] Ayush, a@gmail.com, , , 1
[2023-05-06T04:52:18+00:00][error] product addition faild due to following reasons <br>product_name is required<br>img is required<br>qty is required<br>price is required<br>desc is required
